<?xml version="1.0" encoding="UTF-8"?>
<!-- Generated by org.testng.reporters.JUnitXMLReporter -->
<testsuite hostname="DESKTOP-AA4AD8I" ignored="0" name="TestB" tests="3" failures="0" timestamp="05 Jul 2019 02:57:24 GMT" time="15.007" errors="0">
  <testcase name="testB3" time="5.001" classname="com.project.MavenProject.suiteB.TestB3"/>
  <testcase name="testB2" time="5.002" classname="com.project.MavenProject.suiteB.TestB2"/>
  <testcase name="testB1" time="5.001" classname="com.project.MavenProject.suiteB.TestB1"/>
</testsuite> <!-- TestB -->
