<?xml version="1.0" encoding="UTF-8"?>
<!-- Generated by org.testng.reporters.JUnitXMLReporter -->
<testsuite hostname="DESKTOP-AA4AD8I" ignored="1" name="SmokeTest" tests="5" failures="0" timestamp="01 Jul 2019 02:52:50 GMT" time="16.769" errors="0">
  <testcase name="f" time="0.012" classname="com.project.MavenProject.TC_003"/>
  <testcase name="m1" time="0.005" classname="com.project.MavenProject.TC_002"/>
  <testcase name="f" time="0.005" classname="com.project.MavenProject.TC_001"/>
  <testcase name="zomatoo" time="0.002" classname="com.project.MavenProject.TC_005"/>
  <testcase name="flipkart" time="0.002" classname="com.project.MavenProject.TC_005"/>
  <testcase name="amazon" time="0.0" classname="com.project.MavenProject.TC_005">
    <ignored/>
  </testcase> <!-- amazon -->
</testsuite> <!-- SmokeTest -->
