<?xml version="1.0" encoding="UTF-8"?>
<testng-results skipped="0" failed="0" ignored="0" total="1" passed="1">
  <reporter-output>
  </reporter-output>
  <suite name="Suite" duration-ms="15553" started-at="2019-08-12T03:07:33Z" finished-at="2019-08-12T03:07:48Z">
    <groups>
    </groups>
    <test name="Test" duration-ms="15553" started-at="2019-08-12T03:07:33Z" finished-at="2019-08-12T03:07:48Z">
      <class name="com.project.MavenProject.pageobjectModel.TC_007">
        <test-method status="PASS" signature="startProcess()[pri:0, instance:com.project.MavenProject.pageobjectModel.TC_007@5bcea91b]" name="startProcess" is-config="true" duration-ms="7067" started-at="2019-08-12T03:07:33Z" finished-at="2019-08-12T03:07:40Z">
          <reporter-output>
          </reporter-output>
        </test-method> <!-- startProcess -->
        <test-method status="PASS" signature="registration()[pri:0, instance:com.project.MavenProject.pageobjectModel.TC_007@5bcea91b]" name="registration" duration-ms="8434" started-at="2019-08-12T03:07:40Z" finished-at="2019-08-12T03:07:48Z">
          <reporter-output>
          </reporter-output>
        </test-method> <!-- registration -->
      </class> <!-- com.project.MavenProject.pageobjectModel.TC_007 -->
    </test> <!-- Test -->
  </suite> <!-- Suite -->
</testng-results>
