<?xml version="1.0" encoding="UTF-8"?>
<!-- Generated by org.testng.reporters.JUnitXMLReporter -->
<testsuite hostname="DESKTOP-AA4AD8I" ignored="0" name="TestA" tests="3" failures="0" timestamp="05 Jul 2019 02:57:09 GMT" time="15.075" errors="0">
  <testcase name="testA1" time="5.016" classname="com.project.MavenProject.suiteA.TestA1"/>
  <testcase name="testA2" time="5.002" classname="com.project.MavenProject.suiteA.TestA2"/>
  <testcase name="testA3" time="5.0" classname="com.project.MavenProject.suiteA.TestA3"/>
</testsuite> <!-- TestA -->
